<?xml version="1.0" encoding="UTF-8"?>
<testsuite name="LoginPageTest" tests="2" skipped="0" failures="0" errors="0" timestamp="2021-08-07T17:12:14" hostname="DESKTOP-6VB1U2K" time="1.401">
  <properties/>
  <testcase name="Fail to login user." classname="LoginPageTest" time="0.719"/>
  <testcase name="Successful user login." classname="LoginPageTest" time="0.681"/>
  <system-out><![CDATA[test1628356332130@test.com has been created!
]]></system-out>
  <system-err><![CDATA[Starting ChromeDriver 92.0.4515.107 (87a818b10553a07434ea9e2b6dccf3cbe7895134-refs/branch-heads/4515@{#1634}) on port 45244
Only local connections are allowed.
Please see https://chromedriver.chromium.org/security-considerations for suggestions on keeping ChromeDriver safe.
ChromeDriver was started successfully.
Aug 07, 2021 7:12:12 PM org.openqa.selenium.remote.ProtocolHandshake createSession
INFO: Detected dialect: W3C
Aug 07, 2021 7:12:12 PM org.openqa.selenium.devtools.CdpVersionFinder findNearestMatch
WARNING: Unable to find an exact match for CDP version 92, so returning the closest version found: 91
Aug 07, 2021 7:12:12 PM org.openqa.selenium.devtools.CdpVersionFinder findNearestMatch
INFO: Found CDP implementation for version 92 of 91
]]></system-err>
</testsuite>
