<?xml version="1.0" encoding="UTF-8"?>
<testsuite name="OpenPrivacyPolicyTest" tests="1" skipped="0" failures="0" errors="0" timestamp="2021-08-01T15:05:40" hostname="DESKTOP-6VB1U2K" time="3.493">
  <properties/>
  <testcase name="shouldOpenPrivacyPolicy()" classname="OpenPrivacyPolicyTest" time="3.493"/>
  <system-out><![CDATA[Privacy Policy
]]></system-out>
  <system-err><![CDATA[SLF4J: Failed to load class "org.slf4j.impl.StaticLoggerBinder".
SLF4J: Defaulting to no-operation (NOP) logger implementation
SLF4J: See http://www.slf4j.org/codes.html#StaticLoggerBinder for further details.
Starting ChromeDriver 92.0.4515.107 (87a818b10553a07434ea9e2b6dccf3cbe7895134-refs/branch-heads/4515@{#1634}) on port 14206
Only local connections are allowed.
Please see https://chromedriver.chromium.org/security-considerations for suggestions on keeping ChromeDriver safe.
ChromeDriver was started successfully.
Aug 01, 2021 5:05:40 PM org.openqa.selenium.remote.ProtocolHandshake createSession
INFO: Detected dialect: W3C
Aug 01, 2021 5:05:40 PM org.openqa.selenium.devtools.CdpVersionFinder findNearestMatch
WARNING: Unable to find an exact match for CDP version 92, so returning the closest version found: 91
Aug 01, 2021 5:05:40 PM org.openqa.selenium.devtools.CdpVersionFinder findNearestMatch
INFO: Found CDP implementation for version 92 of 91
]]></system-err>
</testsuite>
