<?xml version="1.0" encoding="UTF-8"?>
<testsuite name="DataInputTest" tests="4" skipped="0" failures="0" errors="0" timestamp="2021-08-05T19:02:58" hostname="DESKTOP-6VB1U2K" time="14.567">
  <properties/>
  <testcase name="[1] TestFirstname1, TestLastName1, TestCompany1, TestAddress1, TestCity1, 1111, Aberdeen" classname="DataInputTest" time="3.918"/>
  <testcase name="[2] TestFirstname2, TestLastName2, TestCompany2, TestAddress2, TestCity2, 2222, Bristol" classname="DataInputTest" time="3.486"/>
  <testcase name="[3] TestFirstname3, TestLastName3, TestCompany3, TestAddress3, TestCity3, 3333, Angus" classname="DataInputTest" time="3.555"/>
  <testcase name="Store new data" classname="DataInputTest" time="3.602"/>
  <system-out><![CDATA[test1628190176615@test.com has been created!
]]></system-out>
  <system-err><![CDATA[Starting ChromeDriver 92.0.4515.107 (87a818b10553a07434ea9e2b6dccf3cbe7895134-refs/branch-heads/4515@{#1634}) on port 22425
Only local connections are allowed.
Please see https://chromedriver.chromium.org/security-considerations for suggestions on keeping ChromeDriver safe.
ChromeDriver was started successfully.
Aug 05, 2021 9:02:56 PM org.openqa.selenium.remote.ProtocolHandshake createSession
INFO: Detected dialect: W3C
Aug 05, 2021 9:02:56 PM org.openqa.selenium.devtools.CdpVersionFinder findNearestMatch
WARNING: Unable to find an exact match for CDP version 92, so returning the closest version found: 91
Aug 05, 2021 9:02:56 PM org.openqa.selenium.devtools.CdpVersionFinder findNearestMatch
INFO: Found CDP implementation for version 92 of 91
]]></system-err>
</testsuite>
