<?xml version="1.0" encoding="UTF-8"?>
<testsuite name="DataInputTest" tests="4" skipped="0" failures="0" errors="0" timestamp="2021-08-07T17:11:51" hostname="DESKTOP-6VB1U2K" time="14.845">
  <properties/>
  <testcase name="[1] TestFirstname1, TestLastName1, TestCompany1, TestAddress1, TestCity1, 1111, Aberdeen" classname="DataInputTest" time="3.968"/>
  <testcase name="[2] TestFirstname2, TestLastName2, TestCompany2, TestAddress2, TestCity2, 2222, Bristol" classname="DataInputTest" time="3.62"/>
  <testcase name="[3] TestFirstname3, TestLastName3, TestCompany3, TestAddress3, TestCity3, 3333, Angus" classname="DataInputTest" time="3.609"/>
  <testcase name="Store new data" classname="DataInputTest" time="3.641"/>
  <system-out><![CDATA[test1628356309110@test.com has been created!
]]></system-out>
  <system-err><![CDATA[Starting ChromeDriver 92.0.4515.107 (87a818b10553a07434ea9e2b6dccf3cbe7895134-refs/branch-heads/4515@{#1634}) on port 31335
Only local connections are allowed.
Please see https://chromedriver.chromium.org/security-considerations for suggestions on keeping ChromeDriver safe.
ChromeDriver was started successfully.
Aug 07, 2021 7:11:48 PM org.openqa.selenium.remote.ProtocolHandshake createSession
INFO: Detected dialect: W3C
Aug 07, 2021 7:11:49 PM org.openqa.selenium.devtools.CdpVersionFinder findNearestMatch
WARNING: Unable to find an exact match for CDP version 92, so returning the closest version found: 91
Aug 07, 2021 7:11:49 PM org.openqa.selenium.devtools.CdpVersionFinder findNearestMatch
INFO: Found CDP implementation for version 92 of 91
]]></system-err>
</testsuite>
